{"/Users/jaenallee/Downloads/mydoggy/src/api/dog.ts": {"path":"/Users/jaenallee/Downloads/mydoggy/src/api/dog.ts","all":false,"statementMap":{"0":{"start":{"line":1,"column":0},"end":{"line":1,"column":38}},"1":{"start":{"line":2,"column":0},"end":{"line":2,"column":35}},"2":{"start":{"line":3,"column":0},"end":{"line":3,"column":46}},"3":{"start":{"line":4,"column":0},"end":{"line":4,"column":0}},"4":{"start":{"line":5,"column":0},"end":{"line":5,"column":60}},"5":{"start":{"line":6,"column":0},"end":{"line":6,"column":0}},"6":{"start":{"line":7,"column":0},"end":{"line":7,"column":26}},"7":{"start":{"line":8,"column":0},"end":{"line":8,"column":13}},"8":{"start":{"line":9,"column":0},"end":{"line":9,"column":16}},"9":{"start":{"line":10,"column":0},"end":{"line":10,"column":17}},"10":{"start":{"line":11,"column":0},"end":{"line":11,"column":1}},"11":{"start":{"line":12,"column":0},"end":{"line":12,"column":0}},"12":{"start":{"line":13,"column":0},"end":{"line":13,"column":29}},"13":{"start":{"line":14,"column":0},"end":{"line":14,"column":19}},"14":{"start":{"line":15,"column":0},"end":{"line":15,"column":17}},"15":{"start":{"line":16,"column":0},"end":{"line":16,"column":1}},"16":{"start":{"line":17,"column":0},"end":{"line":17,"column":0}},"17":{"start":{"line":18,"column":0},"end":{"line":18,"column":22}},"18":{"start":{"line":19,"column":0},"end":{"line":19,"column":13}},"19":{"start":{"line":20,"column":0},"end":{"line":20,"column":15}},"20":{"start":{"line":21,"column":0},"end":{"line":21,"column":20}},"21":{"start":{"line":22,"column":0},"end":{"line":22,"column":28}},"22":{"start":{"line":23,"column":0},"end":{"line":23,"column":28}},"23":{"start":{"line":24,"column":0},"end":{"line":24,"column":29}},"24":{"start":{"line":25,"column":0},"end":{"line":25,"column":22}},"25":{"start":{"line":26,"column":0},"end":{"line":26,"column":19}},"26":{"start":{"line":27,"column":0},"end":{"line":27,"column":22}},"27":{"start":{"line":28,"column":0},"end":{"line":28,"column":1}},"28":{"start":{"line":29,"column":0},"end":{"line":29,"column":0}},"29":{"start":{"line":30,"column":0},"end":{"line":30,"column":30}},"30":{"start":{"line":31,"column":0},"end":{"line":31,"column":13}},"31":{"start":{"line":32,"column":0},"end":{"line":32,"column":14}},"32":{"start":{"line":33,"column":0},"end":{"line":33,"column":16}},"33":{"start":{"line":34,"column":0},"end":{"line":34,"column":17}},"34":{"start":{"line":35,"column":0},"end":{"line":35,"column":16}},"35":{"start":{"line":36,"column":0},"end":{"line":36,"column":1}},"36":{"start":{"line":37,"column":0},"end":{"line":37,"column":0}},"37":{"start":{"line":38,"column":0},"end":{"line":38,"column":34}},"38":{"start":{"line":39,"column":0},"end":{"line":39,"column":9}},"39":{"start":{"line":40,"column":0},"end":{"line":40,"column":11}},"40":{"start":{"line":41,"column":0},"end":{"line":41,"column":13}},"41":{"start":{"line":42,"column":0},"end":{"line":42,"column":54}},"42":{"start":{"line":43,"column":0},"end":{"line":43,"column":63}},"43":{"start":{"line":44,"column":0},"end":{"line":44,"column":2}},"44":{"start":{"line":45,"column":0},"end":{"line":45,"column":0}},"45":{"start":{"line":46,"column":0},"end":{"line":46,"column":29}},"46":{"start":{"line":47,"column":0},"end":{"line":47,"column":14}},"47":{"start":{"line":48,"column":0},"end":{"line":48,"column":20}},"48":{"start":{"line":49,"column":0},"end":{"line":49,"column":1}},"49":{"start":{"line":50,"column":0},"end":{"line":50,"column":0}},"50":{"start":{"line":51,"column":0},"end":{"line":51,"column":30}},"51":{"start":{"line":52,"column":0},"end":{"line":52,"column":10}},"52":{"start":{"line":53,"column":0},"end":{"line":53,"column":16}},"53":{"start":{"line":54,"column":0},"end":{"line":54,"column":63}},"54":{"start":{"line":55,"column":0},"end":{"line":55,"column":59}},"55":{"start":{"line":56,"column":0},"end":{"line":56,"column":2}}},"s":{"0":1,"1":1,"2":1,"3":1,"4":1,"5":1,"6":1,"7":1,"8":1,"9":1,"10":1,"11":1,"12":1,"13":1,"14":1,"15":1,"16":1,"17":1,"18":1,"19":1,"20":1,"21":1,"22":1,"23":1,"24":1,"25":1,"26":1,"27":1,"28":1,"29":1,"30":1,"31":1,"32":1,"33":1,"34":1,"35":1,"36":1,"37":1,"38":5,"39":5,"40":5,"41":5,"42":5,"43":5,"44":1,"45":1,"46":1,"47":1,"48":1,"49":1,"50":1,"51":11,"52":11,"53":11,"54":11,"55":11},"branchMap":{"0":{"type":"branch","line":38,"loc":{"start":{"line":38,"column":32},"end":{"line":44,"column":2}},"locations":[{"start":{"line":38,"column":32},"end":{"line":44,"column":2}}]},"1":{"type":"branch","line":51,"loc":{"start":{"line":51,"column":28},"end":{"line":56,"column":2}},"locations":[{"start":{"line":51,"column":28},"end":{"line":56,"column":2}}]}},"b":{"0":[5],"1":[11]},"fnMap":{"0":{"name":"searchDogByBreed","decl":{"start":{"line":38,"column":32},"end":{"line":44,"column":2}},"loc":{"start":{"line":38,"column":32},"end":{"line":44,"column":2}},"line":38},"1":{"name":"getImageById","decl":{"start":{"line":51,"column":28},"end":{"line":56,"column":2}},"loc":{"start":{"line":51,"column":28},"end":{"line":56,"column":2}},"line":51}},"f":{"0":5,"1":11}}
,"/Users/jaenallee/Downloads/mydoggy/src/components/Image.tsx": {"path":"/Users/jaenallee/Downloads/mydoggy/src/components/Image.tsx","all":false,"statementMap":{"0":{"start":{"line":1,"column":0},"end":{"line":1,"column":42}},"1":{"start":{"line":2,"column":0},"end":{"line":2,"column":51}},"2":{"start":{"line":3,"column":0},"end":{"line":3,"column":0}},"3":{"start":{"line":4,"column":0},"end":{"line":4,"column":21}},"4":{"start":{"line":5,"column":0},"end":{"line":5,"column":0}},"5":{"start":{"line":6,"column":0},"end":{"line":6,"column":22}},"6":{"start":{"line":7,"column":0},"end":{"line":7,"column":13}},"7":{"start":{"line":8,"column":0},"end":{"line":8,"column":15}},"8":{"start":{"line":9,"column":0},"end":{"line":9,"column":20}},"9":{"start":{"line":10,"column":0},"end":{"line":10,"column":1}},"10":{"start":{"line":11,"column":0},"end":{"line":11,"column":0}},"11":{"start":{"line":12,"column":0},"end":{"line":12,"column":60}},"12":{"start":{"line":13,"column":0},"end":{"line":13,"column":54}},"13":{"start":{"line":14,"column":0},"end":{"line":14,"column":50}},"14":{"start":{"line":15,"column":0},"end":{"line":15,"column":19}},"15":{"start":{"line":16,"column":0},"end":{"line":16,"column":23}},"16":{"start":{"line":17,"column":0},"end":{"line":17,"column":51}},"17":{"start":{"line":18,"column":0},"end":{"line":18,"column":50}},"18":{"start":{"line":19,"column":0},"end":{"line":19,"column":5}},"19":{"start":{"line":20,"column":0},"end":{"line":20,"column":0}},"20":{"start":{"line":21,"column":0},"end":{"line":21,"column":51}},"21":{"start":{"line":22,"column":0},"end":{"line":22,"column":55}},"22":{"start":{"line":23,"column":0},"end":{"line":23,"column":55}},"23":{"start":{"line":24,"column":0},"end":{"line":24,"column":44}},"24":{"start":{"line":25,"column":0},"end":{"line":25,"column":19}},"25":{"start":{"line":26,"column":0},"end":{"line":26,"column":16}},"26":{"start":{"line":27,"column":0},"end":{"line":27,"column":51}},"27":{"start":{"line":28,"column":0},"end":{"line":28,"column":56}},"28":{"start":{"line":29,"column":0},"end":{"line":29,"column":64}},"29":{"start":{"line":30,"column":0},"end":{"line":30,"column":9}},"30":{"start":{"line":31,"column":0},"end":{"line":31,"column":7}},"31":{"start":{"line":32,"column":0},"end":{"line":32,"column":7}},"32":{"start":{"line":33,"column":0},"end":{"line":33,"column":0}},"33":{"start":{"line":34,"column":0},"end":{"line":34,"column":18}},"34":{"start":{"line":35,"column":0},"end":{"line":35,"column":61}},"35":{"start":{"line":36,"column":0},"end":{"line":36,"column":47}},"36":{"start":{"line":37,"column":0},"end":{"line":37,"column":70}},"37":{"start":{"line":38,"column":0},"end":{"line":38,"column":6}},"38":{"start":{"line":39,"column":0},"end":{"line":39,"column":43}},"39":{"start":{"line":40,"column":0},"end":{"line":40,"column":0}},"40":{"start":{"line":41,"column":0},"end":{"line":41,"column":10}},"41":{"start":{"line":42,"column":0},"end":{"line":42,"column":35}},"42":{"start":{"line":43,"column":0},"end":{"line":43,"column":78}},"43":{"start":{"line":44,"column":0},"end":{"line":44,"column":10}},"44":{"start":{"line":45,"column":0},"end":{"line":45,"column":12}},"45":{"start":{"line":46,"column":0},"end":{"line":46,"column":10}},"46":{"start":{"line":47,"column":0},"end":{"line":47,"column":26}},"47":{"start":{"line":48,"column":0},"end":{"line":48,"column":92}},"48":{"start":{"line":49,"column":0},"end":{"line":49,"column":41}},"49":{"start":{"line":50,"column":0},"end":{"line":50,"column":17}},"50":{"start":{"line":51,"column":0},"end":{"line":51,"column":38}},"51":{"start":{"line":52,"column":0},"end":{"line":52,"column":8}},"52":{"start":{"line":53,"column":0},"end":{"line":53,"column":10}},"53":{"start":{"line":54,"column":0},"end":{"line":54,"column":4}},"54":{"start":{"line":55,"column":0},"end":{"line":55,"column":2}},"55":{"start":{"line":56,"column":0},"end":{"line":56,"column":0}},"56":{"start":{"line":57,"column":0},"end":{"line":57,"column":21}}},"s":{"0":1,"1":1,"2":1,"3":1,"4":1,"5":1,"6":1,"7":1,"8":1,"9":1,"10":1,"11":1,"12":52,"13":52,"14":52,"15":12,"16":0,"17":0,"18":0,"19":12,"20":12,"21":1,"22":1,"23":1,"24":0,"25":1,"26":1,"27":1,"28":1,"29":1,"30":1,"31":12,"32":12,"33":12,"34":12,"35":12,"36":12,"37":12,"38":52,"39":52,"40":52,"41":52,"42":52,"43":52,"44":52,"45":52,"46":52,"47":52,"48":52,"49":52,"50":52,"51":52,"52":52,"53":52,"54":52,"55":1,"56":1},"branchMap":{"0":{"type":"branch","line":12,"loc":{"start":{"line":12,"column":14},"end":{"line":55,"column":2}},"locations":[{"start":{"line":12,"column":14},"end":{"line":55,"column":2}}]},"1":{"type":"branch","line":15,"loc":{"start":{"line":15,"column":12},"end":{"line":39,"column":5}},"locations":[{"start":{"line":15,"column":12},"end":{"line":39,"column":5}}]},"2":{"type":"branch","line":21,"loc":{"start":{"line":21,"column":36},"end":{"line":32,"column":5}},"locations":[{"start":{"line":21,"column":36},"end":{"line":32,"column":5}}]},"3":{"type":"branch","line":24,"loc":{"start":{"line":24,"column":43},"end":{"line":26,"column":15}},"locations":[{"start":{"line":24,"column":43},"end":{"line":26,"column":15}}]},"4":{"type":"branch","line":34,"loc":{"start":{"line":34,"column":11},"end":{"line":38,"column":6}},"locations":[{"start":{"line":34,"column":11},"end":{"line":38,"column":6}}]},"5":{"type":"branch","line":37,"loc":{"start":{"line":37,"column":22},"end":{"line":37,"column":70}},"locations":[{"start":{"line":37,"column":22},"end":{"line":37,"column":70}}]}},"b":{"0":[52],"1":[12],"2":[1],"3":[0],"4":[12],"5":[0]},"fnMap":{"0":{"name":"Image","decl":{"start":{"line":12,"column":14},"end":{"line":55,"column":2}},"loc":{"start":{"line":12,"column":14},"end":{"line":55,"column":2}},"line":12},"1":{"name":"loaded","decl":{"start":{"line":16,"column":4},"end":{"line":19,"column":5}},"loc":{"start":{"line":16,"column":4},"end":{"line":19,"column":5}},"line":16}},"f":{"0":52,"1":0}}
,"/Users/jaenallee/Downloads/mydoggy/src/pages/Search.tsx": {"path":"/Users/jaenallee/Downloads/mydoggy/src/pages/Search.tsx","all":false,"statementMap":{"0":{"start":{"line":1,"column":0},"end":{"line":1,"column":44}},"1":{"start":{"line":2,"column":0},"end":{"line":2,"column":42}},"2":{"start":{"line":3,"column":0},"end":{"line":3,"column":0}},"3":{"start":{"line":4,"column":0},"end":{"line":4,"column":37}},"4":{"start":{"line":5,"column":0},"end":{"line":5,"column":0}},"5":{"start":{"line":6,"column":0},"end":{"line":6,"column":48}},"6":{"start":{"line":7,"column":0},"end":{"line":7,"column":0}},"7":{"start":{"line":8,"column":0},"end":{"line":8,"column":23}},"8":{"start":{"line":9,"column":0},"end":{"line":9,"column":53}},"9":{"start":{"line":10,"column":0},"end":{"line":10,"column":49}},"10":{"start":{"line":11,"column":0},"end":{"line":11,"column":46}},"11":{"start":{"line":12,"column":0},"end":{"line":12,"column":57}},"12":{"start":{"line":13,"column":0},"end":{"line":13,"column":0}},"13":{"start":{"line":14,"column":0},"end":{"line":14,"column":59}},"14":{"start":{"line":15,"column":0},"end":{"line":15,"column":34}},"15":{"start":{"line":16,"column":0},"end":{"line":16,"column":77}},"16":{"start":{"line":17,"column":0},"end":{"line":17,"column":12}},"17":{"start":{"line":18,"column":0},"end":{"line":18,"column":65}},"18":{"start":{"line":19,"column":0},"end":{"line":19,"column":5}},"19":{"start":{"line":20,"column":0},"end":{"line":20,"column":4}},"20":{"start":{"line":21,"column":0},"end":{"line":21,"column":0}},"21":{"start":{"line":22,"column":0},"end":{"line":22,"column":19}},"22":{"start":{"line":23,"column":0},"end":{"line":23,"column":25}},"23":{"start":{"line":24,"column":0},"end":{"line":24,"column":24}},"24":{"start":{"line":25,"column":0},"end":{"line":25,"column":19}},"25":{"start":{"line":26,"column":0},"end":{"line":26,"column":19}},"26":{"start":{"line":27,"column":0},"end":{"line":27,"column":21}},"27":{"start":{"line":28,"column":0},"end":{"line":28,"column":8}},"28":{"start":{"line":29,"column":0},"end":{"line":29,"column":53}},"29":{"start":{"line":30,"column":0},"end":{"line":30,"column":22}},"30":{"start":{"line":31,"column":0},"end":{"line":31,"column":48}},"31":{"start":{"line":32,"column":0},"end":{"line":32,"column":26}},"32":{"start":{"line":33,"column":0},"end":{"line":33,"column":11}},"33":{"start":{"line":34,"column":0},"end":{"line":34,"column":29}},"34":{"start":{"line":35,"column":0},"end":{"line":35,"column":0}},"35":{"start":{"line":36,"column":0},"end":{"line":36,"column":10}},"36":{"start":{"line":37,"column":0},"end":{"line":37,"column":6}},"37":{"start":{"line":38,"column":0},"end":{"line":38,"column":78}},"38":{"start":{"line":39,"column":0},"end":{"line":39,"column":13}},"39":{"start":{"line":40,"column":0},"end":{"line":40,"column":59}},"40":{"start":{"line":41,"column":0},"end":{"line":41,"column":18}},"41":{"start":{"line":42,"column":0},"end":{"line":42,"column":33}},"42":{"start":{"line":43,"column":0},"end":{"line":43,"column":59}},"43":{"start":{"line":44,"column":0},"end":{"line":44,"column":45}},"44":{"start":{"line":45,"column":0},"end":{"line":45,"column":20}},"45":{"start":{"line":46,"column":0},"end":{"line":46,"column":16}},"46":{"start":{"line":47,"column":0},"end":{"line":47,"column":48}},"47":{"start":{"line":48,"column":0},"end":{"line":48,"column":92}},"48":{"start":{"line":49,"column":0},"end":{"line":49,"column":46}},"49":{"start":{"line":50,"column":0},"end":{"line":50,"column":14}},"50":{"start":{"line":51,"column":0},"end":{"line":51,"column":15}},"51":{"start":{"line":52,"column":0},"end":{"line":52,"column":60}},"52":{"start":{"line":53,"column":0},"end":{"line":53,"column":70}},"53":{"start":{"line":54,"column":0},"end":{"line":54,"column":21}},"54":{"start":{"line":55,"column":0},"end":{"line":55,"column":20}},"55":{"start":{"line":56,"column":0},"end":{"line":56,"column":19}},"56":{"start":{"line":57,"column":0},"end":{"line":57,"column":23}},"57":{"start":{"line":58,"column":0},"end":{"line":58,"column":72}},"58":{"start":{"line":59,"column":0},"end":{"line":59,"column":82}},"59":{"start":{"line":60,"column":0},"end":{"line":60,"column":31}},"60":{"start":{"line":61,"column":0},"end":{"line":61,"column":48}},"61":{"start":{"line":62,"column":0},"end":{"line":62,"column":13}},"62":{"start":{"line":63,"column":0},"end":{"line":63,"column":51}},"63":{"start":{"line":64,"column":0},"end":{"line":64,"column":21}},"64":{"start":{"line":65,"column":0},"end":{"line":65,"column":43}},"65":{"start":{"line":66,"column":0},"end":{"line":66,"column":23}},"66":{"start":{"line":67,"column":0},"end":{"line":67,"column":50}},"67":{"start":{"line":68,"column":0},"end":{"line":68,"column":54}},"68":{"start":{"line":69,"column":0},"end":{"line":69,"column":59}},"69":{"start":{"line":70,"column":0},"end":{"line":70,"column":21}},"70":{"start":{"line":71,"column":0},"end":{"line":71,"column":16}},"71":{"start":{"line":72,"column":0},"end":{"line":72,"column":60}},"72":{"start":{"line":73,"column":0},"end":{"line":73,"column":71}},"73":{"start":{"line":74,"column":0},"end":{"line":74,"column":24}},"74":{"start":{"line":75,"column":0},"end":{"line":75,"column":20}},"75":{"start":{"line":76,"column":0},"end":{"line":76,"column":19}},"76":{"start":{"line":77,"column":0},"end":{"line":77,"column":24}},"77":{"start":{"line":78,"column":0},"end":{"line":78,"column":64}},"78":{"start":{"line":79,"column":0},"end":{"line":79,"column":82}},"79":{"start":{"line":80,"column":0},"end":{"line":80,"column":27}},"80":{"start":{"line":81,"column":0},"end":{"line":81,"column":47}},"81":{"start":{"line":82,"column":0},"end":{"line":82,"column":13}},"82":{"start":{"line":83,"column":0},"end":{"line":83,"column":44}},"83":{"start":{"line":84,"column":0},"end":{"line":84,"column":44}},"84":{"start":{"line":85,"column":0},"end":{"line":85,"column":44}},"85":{"start":{"line":86,"column":0},"end":{"line":86,"column":21}},"86":{"start":{"line":87,"column":0},"end":{"line":87,"column":16}},"87":{"start":{"line":88,"column":0},"end":{"line":88,"column":48}},"88":{"start":{"line":89,"column":0},"end":{"line":89,"column":19}},"89":{"start":{"line":90,"column":0},"end":{"line":90,"column":132}},"90":{"start":{"line":91,"column":0},"end":{"line":91,"column":60}},"91":{"start":{"line":92,"column":0},"end":{"line":92,"column":35}},"92":{"start":{"line":93,"column":0},"end":{"line":93,"column":43}},"93":{"start":{"line":94,"column":0},"end":{"line":94,"column":13}},"94":{"start":{"line":95,"column":0},"end":{"line":95,"column":18}},"95":{"start":{"line":96,"column":0},"end":{"line":96,"column":21}},"96":{"start":{"line":97,"column":0},"end":{"line":97,"column":19}},"97":{"start":{"line":98,"column":0},"end":{"line":98,"column":132}},"98":{"start":{"line":99,"column":0},"end":{"line":99,"column":47}},"99":{"start":{"line":100,"column":0},"end":{"line":100,"column":71}},"100":{"start":{"line":101,"column":0},"end":{"line":101,"column":43}},"101":{"start":{"line":102,"column":0},"end":{"line":102,"column":13}},"102":{"start":{"line":103,"column":0},"end":{"line":103,"column":18}},"103":{"start":{"line":104,"column":0},"end":{"line":104,"column":21}},"104":{"start":{"line":105,"column":0},"end":{"line":105,"column":16}},"105":{"start":{"line":106,"column":0},"end":{"line":106,"column":14}},"106":{"start":{"line":107,"column":0},"end":{"line":107,"column":50}},"107":{"start":{"line":108,"column":0},"end":{"line":108,"column":35}},"108":{"start":{"line":109,"column":0},"end":{"line":109,"column":32}},"109":{"start":{"line":110,"column":0},"end":{"line":110,"column":39}},"110":{"start":{"line":111,"column":0},"end":{"line":111,"column":36}},"111":{"start":{"line":112,"column":0},"end":{"line":112,"column":22}},"112":{"start":{"line":113,"column":0},"end":{"line":113,"column":52}},"113":{"start":{"line":114,"column":0},"end":{"line":114,"column":51}},"114":{"start":{"line":115,"column":0},"end":{"line":115,"column":38}},"115":{"start":{"line":116,"column":0},"end":{"line":116,"column":32}},"116":{"start":{"line":117,"column":0},"end":{"line":117,"column":18}},"117":{"start":{"line":118,"column":0},"end":{"line":118,"column":20}},"118":{"start":{"line":119,"column":0},"end":{"line":119,"column":15}},"119":{"start":{"line":120,"column":0},"end":{"line":120,"column":14}},"120":{"start":{"line":121,"column":0},"end":{"line":121,"column":66}},"121":{"start":{"line":122,"column":0},"end":{"line":122,"column":12}},"122":{"start":{"line":123,"column":0},"end":{"line":123,"column":7}},"123":{"start":{"line":124,"column":0},"end":{"line":124,"column":4}},"124":{"start":{"line":125,"column":0},"end":{"line":125,"column":1}},"125":{"start":{"line":126,"column":0},"end":{"line":126,"column":0}},"126":{"start":{"line":127,"column":0},"end":{"line":127,"column":26}},"127":{"start":{"line":128,"column":0},"end":{"line":128,"column":0}},"128":{"start":{"line":129,"column":0},"end":{"line":129,"column":36}},"129":{"start":{"line":130,"column":0},"end":{"line":130,"column":38}},"130":{"start":{"line":131,"column":0},"end":{"line":131,"column":2}}},"s":{"0":1,"1":1,"2":1,"3":1,"4":1,"5":1,"6":1,"7":7,"8":7,"9":7,"10":7,"11":7,"12":7,"13":7,"14":1,"15":0,"16":1,"17":1,"18":1,"19":1,"20":7,"21":7,"22":5,"23":5,"24":5,"25":5,"26":5,"27":5,"28":5,"29":5,"30":0,"31":0,"32":5,"33":7,"34":7,"35":7,"36":7,"37":7,"38":7,"39":7,"40":7,"41":7,"42":7,"43":1,"44":7,"45":7,"46":7,"47":7,"48":7,"49":7,"50":7,"51":7,"52":7,"53":7,"54":7,"55":7,"56":7,"57":7,"58":7,"59":7,"60":7,"61":7,"62":7,"63":7,"64":7,"65":7,"66":7,"67":7,"68":7,"69":7,"70":7,"71":7,"72":7,"73":7,"74":7,"75":7,"76":7,"77":7,"78":7,"79":7,"80":7,"81":7,"82":7,"83":7,"84":7,"85":7,"86":7,"87":7,"88":7,"89":7,"90":7,"91":7,"92":7,"93":7,"94":7,"95":7,"96":7,"97":7,"98":7,"99":7,"100":7,"101":7,"102":7,"103":7,"104":7,"105":7,"106":7,"107":7,"108":6,"109":5,"110":50,"111":50,"112":50,"113":50,"114":50,"115":50,"116":50,"117":50,"118":5,"119":7,"120":7,"121":7,"122":7,"123":7,"124":7,"125":1,"126":1,"127":1,"128":1,"129":0,"130":0},"branchMap":{"0":{"type":"branch","line":8,"loc":{"start":{"line":8,"column":0},"end":{"line":125,"column":1}},"locations":[{"start":{"line":8,"column":0},"end":{"line":125,"column":1}}]},"1":{"type":"branch","line":100,"loc":{"start":{"line":100,"column":44},"end":{"line":100,"column":71}},"locations":[{"start":{"line":100,"column":44},"end":{"line":100,"column":71}}]},"2":{"type":"branch","line":108,"loc":{"start":{"line":108,"column":31},"end":{"line":109,"column":32}},"locations":[{"start":{"line":108,"column":31},"end":{"line":109,"column":32}}]},"3":{"type":"branch","line":109,"loc":{"start":{"line":109,"column":28},"end":{"line":119,"column":15}},"locations":[{"start":{"line":109,"column":28},"end":{"line":119,"column":15}}]},"4":{"type":"branch","line":121,"loc":{"start":{"line":121,"column":20},"end":{"line":121,"column":66}},"locations":[{"start":{"line":121,"column":20},"end":{"line":121,"column":66}}]},"5":{"type":"branch","line":14,"loc":{"start":{"line":14,"column":22},"end":{"line":20,"column":4}},"locations":[{"start":{"line":14,"column":22},"end":{"line":20,"column":4}}]},"6":{"type":"branch","line":15,"loc":{"start":{"line":15,"column":33},"end":{"line":17,"column":11}},"locations":[{"start":{"line":15,"column":33},"end":{"line":17,"column":11}}]},"7":{"type":"branch","line":18,"loc":{"start":{"line":18,"column":31},"end":{"line":18,"column":62}},"locations":[{"start":{"line":18,"column":31},"end":{"line":18,"column":62}}]},"8":{"type":"branch","line":22,"loc":{"start":{"line":22,"column":12},"end":{"line":34,"column":5}},"locations":[{"start":{"line":22,"column":12},"end":{"line":34,"column":5}}]},"9":{"type":"branch","line":29,"loc":{"start":{"line":29,"column":14},"end":{"line":29,"column":52}},"locations":[{"start":{"line":29,"column":14},"end":{"line":29,"column":52}}]},"10":{"type":"branch","line":43,"loc":{"start":{"line":43,"column":16},"end":{"line":44,"column":45}},"locations":[{"start":{"line":43,"column":16},"end":{"line":44,"column":45}}]},"11":{"type":"branch","line":58,"loc":{"start":{"line":58,"column":24},"end":{"line":58,"column":72}},"locations":[{"start":{"line":58,"column":24},"end":{"line":58,"column":72}}]},"12":{"type":"branch","line":78,"loc":{"start":{"line":78,"column":24},"end":{"line":78,"column":64}},"locations":[{"start":{"line":78,"column":24},"end":{"line":78,"column":64}}]},"13":{"type":"branch","line":91,"loc":{"start":{"line":91,"column":23},"end":{"line":91,"column":60}},"locations":[{"start":{"line":91,"column":23},"end":{"line":91,"column":60}}]},"14":{"type":"branch","line":99,"loc":{"start":{"line":99,"column":23},"end":{"line":99,"column":47}},"locations":[{"start":{"line":99,"column":23},"end":{"line":99,"column":47}}]},"15":{"type":"branch","line":110,"loc":{"start":{"line":110,"column":23},"end":{"line":118,"column":20}},"locations":[{"start":{"line":110,"column":23},"end":{"line":118,"column":20}}]}},"b":{"0":[7],"1":[6],"2":[6],"3":[5],"4":[0],"5":[1],"6":[0],"7":[10],"8":[5],"9":[1],"10":[1],"11":[1],"12":[1],"13":[1],"14":[1],"15":[50]},"fnMap":{"0":{"name":"SearchPage","decl":{"start":{"line":8,"column":0},"end":{"line":125,"column":1}},"loc":{"start":{"line":8,"column":0},"end":{"line":125,"column":1}},"line":8},"1":{"name":"filterBreed","decl":{"start":{"line":14,"column":22},"end":{"line":20,"column":4}},"loc":{"start":{"line":14,"column":22},"end":{"line":20,"column":4}},"line":14},"2":{"name":"onChange","decl":{"start":{"line":58,"column":24},"end":{"line":58,"column":72}},"loc":{"start":{"line":58,"column":24},"end":{"line":58,"column":72}},"line":58},"3":{"name":"onChange","decl":{"start":{"line":78,"column":24},"end":{"line":78,"column":64}},"loc":{"start":{"line":78,"column":24},"end":{"line":78,"column":64}},"line":78},"4":{"name":"onClick","decl":{"start":{"line":91,"column":23},"end":{"line":91,"column":60}},"loc":{"start":{"line":91,"column":23},"end":{"line":91,"column":60}},"line":91},"5":{"name":"onClick","decl":{"start":{"line":99,"column":23},"end":{"line":99,"column":47}},"loc":{"start":{"line":99,"column":23},"end":{"line":99,"column":47}},"line":99},"6":{"name":"ErrorBoundary","decl":{"start":{"line":129,"column":29},"end":{"line":131,"column":2}},"loc":{"start":{"line":129,"column":29},"end":{"line":131,"column":2}},"line":129}},"f":{"0":7,"1":1,"2":1,"3":1,"4":1,"5":1,"6":0}}
,"/Users/jaenallee/Downloads/mydoggy/src/pages/index.tsx": {"path":"/Users/jaenallee/Downloads/mydoggy/src/pages/index.tsx","all":false,"statementMap":{"0":{"start":{"line":1,"column":0},"end":{"line":1,"column":24}},"1":{"start":{"line":2,"column":0},"end":{"line":2,"column":41}},"2":{"start":{"line":3,"column":0},"end":{"line":3,"column":2}},"3":{"start":{"line":4,"column":0},"end":{"line":4,"column":0}},"4":{"start":{"line":5,"column":0},"end":{"line":5,"column":24}}},"s":{"0":1,"1":1,"2":1,"3":1,"4":1},"branchMap":{"0":{"type":"branch","line":1,"loc":{"start":{"line":1,"column":17},"end":{"line":3,"column":2}},"locations":[{"start":{"line":1,"column":17},"end":{"line":3,"column":2}}]}},"b":{"0":[1]},"fnMap":{"0":{"name":"HomePage","decl":{"start":{"line":1,"column":17},"end":{"line":3,"column":2}},"loc":{"start":{"line":1,"column":17},"end":{"line":3,"column":2}},"line":1}},"f":{"0":1}}
,"/Users/jaenallee/Downloads/mydoggy/src/utils/api.ts": {"path":"/Users/jaenallee/Downloads/mydoggy/src/utils/api.ts","all":false,"statementMap":{"0":{"start":{"line":1,"column":0},"end":{"line":1,"column":54}},"1":{"start":{"line":2,"column":0},"end":{"line":2,"column":0}},"2":{"start":{"line":3,"column":0},"end":{"line":3,"column":29}},"3":{"start":{"line":4,"column":0},"end":{"line":4,"column":35}},"4":{"start":{"line":5,"column":0},"end":{"line":5,"column":25}},"5":{"start":{"line":6,"column":0},"end":{"line":6,"column":2}},"6":{"start":{"line":7,"column":0},"end":{"line":7,"column":0}},"7":{"start":{"line":8,"column":0},"end":{"line":8,"column":25}},"8":{"start":{"line":9,"column":0},"end":{"line":9,"column":10}},"9":{"start":{"line":10,"column":0},"end":{"line":10,"column":39}},"10":{"start":{"line":11,"column":0},"end":{"line":11,"column":50}},"11":{"start":{"line":12,"column":0},"end":{"line":12,"column":4}},"12":{"start":{"line":13,"column":0},"end":{"line":13,"column":2}},"13":{"start":{"line":14,"column":0},"end":{"line":14,"column":0}},"14":{"start":{"line":15,"column":0},"end":{"line":15,"column":48}},"15":{"start":{"line":16,"column":0},"end":{"line":16,"column":48}},"16":{"start":{"line":17,"column":0},"end":{"line":17,"column":60}},"17":{"start":{"line":18,"column":0},"end":{"line":18,"column":0}},"18":{"start":{"line":19,"column":0},"end":{"line":19,"column":32}},"19":{"start":{"line":20,"column":0},"end":{"line":20,"column":2}},"20":{"start":{"line":21,"column":0},"end":{"line":21,"column":0}},"21":{"start":{"line":22,"column":0},"end":{"line":22,"column":35}},"22":{"start":{"line":23,"column":0},"end":{"line":23,"column":16}},"23":{"start":{"line":24,"column":0},"end":{"line":24,"column":51}},"24":{"start":{"line":25,"column":0},"end":{"line":25,"column":27}},"25":{"start":{"line":26,"column":0},"end":{"line":26,"column":62}},"26":{"start":{"line":27,"column":0},"end":{"line":27,"column":6}},"27":{"start":{"line":28,"column":0},"end":{"line":28,"column":5}},"28":{"start":{"line":29,"column":0},"end":{"line":29,"column":0}},"29":{"start":{"line":30,"column":0},"end":{"line":30,"column":80}},"30":{"start":{"line":31,"column":0},"end":{"line":31,"column":48}},"31":{"start":{"line":32,"column":0},"end":{"line":32,"column":24}},"32":{"start":{"line":33,"column":0},"end":{"line":33,"column":18}},"33":{"start":{"line":34,"column":0},"end":{"line":34,"column":23}},"34":{"start":{"line":35,"column":0},"end":{"line":35,"column":69}},"35":{"start":{"line":36,"column":0},"end":{"line":36,"column":5}},"36":{"start":{"line":37,"column":0},"end":{"line":37,"column":2}},"37":{"start":{"line":38,"column":0},"end":{"line":38,"column":0}},"38":{"start":{"line":39,"column":0},"end":{"line":39,"column":30}},"39":{"start":{"line":40,"column":0},"end":{"line":40,"column":19}},"40":{"start":{"line":41,"column":0},"end":{"line":41,"column":51}},"41":{"start":{"line":42,"column":0},"end":{"line":42,"column":29}},"42":{"start":{"line":43,"column":0},"end":{"line":43,"column":6}},"43":{"start":{"line":44,"column":0},"end":{"line":44,"column":48}},"44":{"start":{"line":45,"column":0},"end":{"line":45,"column":24}},"45":{"start":{"line":46,"column":0},"end":{"line":46,"column":19}},"46":{"start":{"line":47,"column":0},"end":{"line":47,"column":23}},"47":{"start":{"line":48,"column":0},"end":{"line":48,"column":69}},"48":{"start":{"line":49,"column":0},"end":{"line":49,"column":15}},"49":{"start":{"line":50,"column":0},"end":{"line":50,"column":5}},"50":{"start":{"line":51,"column":0},"end":{"line":51,"column":2}},"51":{"start":{"line":52,"column":0},"end":{"line":52,"column":0}},"52":{"start":{"line":53,"column":0},"end":{"line":53,"column":31}},"53":{"start":{"line":54,"column":0},"end":{"line":54,"column":19}},"54":{"start":{"line":55,"column":0},"end":{"line":55,"column":51}},"55":{"start":{"line":56,"column":0},"end":{"line":56,"column":29}},"56":{"start":{"line":57,"column":0},"end":{"line":57,"column":6}},"57":{"start":{"line":58,"column":0},"end":{"line":58,"column":48}},"58":{"start":{"line":59,"column":0},"end":{"line":59,"column":24}},"59":{"start":{"line":60,"column":0},"end":{"line":60,"column":20}},"60":{"start":{"line":61,"column":0},"end":{"line":61,"column":23}},"61":{"start":{"line":62,"column":0},"end":{"line":62,"column":69}},"62":{"start":{"line":63,"column":0},"end":{"line":63,"column":15}},"63":{"start":{"line":64,"column":0},"end":{"line":64,"column":5}},"64":{"start":{"line":65,"column":0},"end":{"line":65,"column":2}},"65":{"start":{"line":66,"column":0},"end":{"line":66,"column":0}},"66":{"start":{"line":67,"column":0},"end":{"line":67,"column":29}},"67":{"start":{"line":68,"column":0},"end":{"line":68,"column":19}},"68":{"start":{"line":69,"column":0},"end":{"line":69,"column":51}},"69":{"start":{"line":70,"column":0},"end":{"line":70,"column":29}},"70":{"start":{"line":71,"column":0},"end":{"line":71,"column":6}},"71":{"start":{"line":72,"column":0},"end":{"line":72,"column":48}},"72":{"start":{"line":73,"column":0},"end":{"line":73,"column":24}},"73":{"start":{"line":74,"column":0},"end":{"line":74,"column":18}},"74":{"start":{"line":75,"column":0},"end":{"line":75,"column":23}},"75":{"start":{"line":76,"column":0},"end":{"line":76,"column":69}},"76":{"start":{"line":77,"column":0},"end":{"line":77,"column":15}},"77":{"start":{"line":78,"column":0},"end":{"line":78,"column":5}},"78":{"start":{"line":79,"column":0},"end":{"line":79,"column":2}},"79":{"start":{"line":80,"column":0},"end":{"line":80,"column":0}},"80":{"start":{"line":81,"column":0},"end":{"line":81,"column":32}},"81":{"start":{"line":82,"column":0},"end":{"line":82,"column":19}},"82":{"start":{"line":83,"column":0},"end":{"line":83,"column":52}},"83":{"start":{"line":84,"column":0},"end":{"line":84,"column":29}},"84":{"start":{"line":85,"column":0},"end":{"line":85,"column":6}},"85":{"start":{"line":86,"column":0},"end":{"line":86,"column":48}},"86":{"start":{"line":87,"column":0},"end":{"line":87,"column":24}},"87":{"start":{"line":88,"column":0},"end":{"line":88,"column":21}},"88":{"start":{"line":89,"column":0},"end":{"line":89,"column":23}},"89":{"start":{"line":90,"column":0},"end":{"line":90,"column":69}},"90":{"start":{"line":91,"column":0},"end":{"line":91,"column":15}},"91":{"start":{"line":92,"column":0},"end":{"line":92,"column":5}},"92":{"start":{"line":93,"column":0},"end":{"line":93,"column":2}}},"s":{"0":1,"1":1,"2":1,"3":1,"4":1,"5":1,"6":1,"7":1,"8":21,"9":21,"10":21,"11":21,"12":21,"13":1,"14":1,"15":21,"16":21,"17":21,"18":21,"19":21,"20":1,"21":1,"22":21,"23":21,"24":21,"25":21,"26":21,"27":21,"28":1,"29":1,"30":17,"31":17,"32":17,"33":17,"34":17,"35":17,"36":17,"37":1,"38":1,"39":1,"40":1,"41":1,"42":1,"43":1,"44":1,"45":1,"46":1,"47":1,"48":1,"49":1,"50":1,"51":1,"52":1,"53":1,"54":1,"55":1,"56":1,"57":1,"58":1,"59":1,"60":1,"61":1,"62":1,"63":1,"64":1,"65":1,"66":1,"67":1,"68":1,"69":1,"70":1,"71":1,"72":1,"73":1,"74":1,"75":1,"76":1,"77":1,"78":1,"79":1,"80":1,"81":1,"82":1,"83":1,"84":1,"85":1,"86":1,"87":1,"88":1,"89":1,"90":1,"91":1,"92":1},"branchMap":{"0":{"type":"branch","line":8,"loc":{"start":{"line":8,"column":18},"end":{"line":13,"column":2}},"locations":[{"start":{"line":8,"column":18},"end":{"line":13,"column":2}}]},"1":{"type":"branch","line":15,"loc":{"start":{"line":15,"column":23},"end":{"line":20,"column":2}},"locations":[{"start":{"line":15,"column":23},"end":{"line":20,"column":2}}]},"2":{"type":"branch","line":17,"loc":{"start":{"line":17,"column":44},"end":{"line":17,"column":58}},"locations":[{"start":{"line":17,"column":44},"end":{"line":17,"column":58}}]},"3":{"type":"branch","line":22,"loc":{"start":{"line":22,"column":30},"end":{"line":28,"column":5}},"locations":[{"start":{"line":22,"column":30},"end":{"line":28,"column":5}}]},"4":{"type":"branch","line":26,"loc":{"start":{"line":26,"column":22},"end":{"line":26,"column":62}},"locations":[{"start":{"line":26,"column":22},"end":{"line":26,"column":62}}]},"5":{"type":"branch","line":30,"loc":{"start":{"line":30,"column":22},"end":{"line":37,"column":2}},"locations":[{"start":{"line":30,"column":22},"end":{"line":37,"column":2}}]},"6":{"type":"branch","line":35,"loc":{"start":{"line":35,"column":52},"end":{"line":35,"column":67}},"locations":[{"start":{"line":35,"column":52},"end":{"line":35,"column":67}}]},"7":{"type":"branch","line":39,"loc":{"start":{"line":39,"column":23},"end":{"line":51,"column":2}},"locations":[{"start":{"line":39,"column":23},"end":{"line":51,"column":2}}]},"8":{"type":"branch","line":53,"loc":{"start":{"line":53,"column":24},"end":{"line":65,"column":2}},"locations":[{"start":{"line":53,"column":24},"end":{"line":65,"column":2}}]},"9":{"type":"branch","line":67,"loc":{"start":{"line":67,"column":22},"end":{"line":79,"column":2}},"locations":[{"start":{"line":67,"column":22},"end":{"line":79,"column":2}}]},"10":{"type":"branch","line":81,"loc":{"start":{"line":81,"column":25},"end":{"line":93,"column":2}},"locations":[{"start":{"line":81,"column":25},"end":{"line":93,"column":2}}]}},"b":{"0":[21],"1":[21],"2":[0],"3":[21],"4":[0],"5":[17],"6":[16],"7":[1],"8":[1],"9":[1],"10":[1]},"fnMap":{"0":{"name":"getHeader","decl":{"start":{"line":8,"column":18},"end":{"line":13,"column":2}},"loc":{"start":{"line":8,"column":18},"end":{"line":13,"column":2}},"line":8},"1":{"name":"newAbortSignal","decl":{"start":{"line":15,"column":23},"end":{"line":20,"column":2}},"loc":{"start":{"line":15,"column":23},"end":{"line":20,"column":2}},"line":15},"2":{"name":"generateAxiosInstance","decl":{"start":{"line":22,"column":30},"end":{"line":28,"column":5}},"loc":{"start":{"line":22,"column":30},"end":{"line":28,"column":5}},"line":22},"3":{"name":"getApi","decl":{"start":{"line":30,"column":22},"end":{"line":37,"column":2}},"loc":{"start":{"line":30,"column":22},"end":{"line":37,"column":2}},"line":30},"4":{"name":"postApi","decl":{"start":{"line":39,"column":23},"end":{"line":51,"column":2}},"loc":{"start":{"line":39,"column":23},"end":{"line":51,"column":2}},"line":39},"5":{"name":"patchApi","decl":{"start":{"line":53,"column":24},"end":{"line":65,"column":2}},"loc":{"start":{"line":53,"column":24},"end":{"line":65,"column":2}},"line":53},"6":{"name":"putApi","decl":{"start":{"line":67,"column":22},"end":{"line":79,"column":2}},"loc":{"start":{"line":67,"column":22},"end":{"line":79,"column":2}},"line":67},"7":{"name":"deleteApi","decl":{"start":{"line":81,"column":25},"end":{"line":93,"column":2}},"loc":{"start":{"line":81,"column":25},"end":{"line":93,"column":2}},"line":81}},"f":{"0":21,"1":21,"2":21,"3":17,"4":1,"5":1,"6":1,"7":1}}
,"/Users/jaenallee/Downloads/mydoggy/src/utils/querystring.ts": {"path":"/Users/jaenallee/Downloads/mydoggy/src/utils/querystring.ts","all":false,"statementMap":{"0":{"start":{"line":1,"column":0},"end":{"line":1,"column":30}},"1":{"start":{"line":2,"column":0},"end":{"line":2,"column":0}},"2":{"start":{"line":3,"column":0},"end":{"line":3,"column":66}},"3":{"start":{"line":4,"column":0},"end":{"line":4,"column":56}}},"s":{"0":1,"1":1,"2":1,"3":20},"branchMap":{"0":{"type":"branch","line":3,"loc":{"start":{"line":3,"column":25},"end":{"line":4,"column":56}},"locations":[{"start":{"line":3,"column":25},"end":{"line":4,"column":56}}]}},"b":{"0":[20]},"fnMap":{"0":{"name":"stringify","decl":{"start":{"line":3,"column":25},"end":{"line":4,"column":56}},"loc":{"start":{"line":3,"column":25},"end":{"line":4,"column":56}},"line":3}},"f":{"0":20}}
,"/Users/jaenallee/Downloads/mydoggy/src/utils/test-utils.ts": {"path":"/Users/jaenallee/Downloads/mydoggy/src/utils/test-utils.ts","all":false,"statementMap":{"0":{"start":{"line":1,"column":0},"end":{"line":1,"column":57}},"1":{"start":{"line":2,"column":0},"end":{"line":2,"column":35}},"2":{"start":{"line":3,"column":0},"end":{"line":3,"column":0}},"3":{"start":{"line":4,"column":0},"end":{"line":4,"column":17}},"4":{"start":{"line":5,"column":0},"end":{"line":5,"column":12}},"5":{"start":{"line":6,"column":0},"end":{"line":6,"column":3}},"6":{"start":{"line":7,"column":0},"end":{"line":7,"column":0}},"7":{"start":{"line":8,"column":0},"end":{"line":8,"column":61}},"8":{"start":{"line":9,"column":0},"end":{"line":9,"column":21}},"9":{"start":{"line":10,"column":0},"end":{"line":10,"column":38}},"10":{"start":{"line":11,"column":0},"end":{"line":11,"column":40}},"11":{"start":{"line":12,"column":0},"end":{"line":12,"column":15}},"12":{"start":{"line":13,"column":0},"end":{"line":13,"column":5}},"13":{"start":{"line":14,"column":0},"end":{"line":14,"column":1}},"14":{"start":{"line":15,"column":0},"end":{"line":15,"column":0}},"15":{"start":{"line":16,"column":0},"end":{"line":16,"column":39}},"16":{"start":{"line":17,"column":0},"end":{"line":17,"column":67}},"17":{"start":{"line":18,"column":0},"end":{"line":18,"column":25}},"18":{"start":{"line":19,"column":0},"end":{"line":19,"column":34}},"19":{"start":{"line":20,"column":0},"end":{"line":20,"column":0}},"20":{"start":{"line":21,"column":0},"end":{"line":21,"column":43}},"21":{"start":{"line":22,"column":0},"end":{"line":22,"column":65}}},"s":{"0":1,"1":1,"2":1,"3":1,"4":4,"5":4,"6":1,"7":4,"8":4,"9":4,"10":4,"11":4,"12":4,"13":4,"14":1,"15":1,"16":1,"17":1,"18":1,"19":1,"20":1,"21":4},"branchMap":{"0":{"type":"branch","line":4,"loc":{"start":{"line":4,"column":10},"end":{"line":6,"column":3}},"locations":[{"start":{"line":4,"column":10},"end":{"line":6,"column":3}}]},"1":{"type":"branch","line":8,"loc":{"start":{"line":8,"column":0},"end":{"line":14,"column":1}},"locations":[{"start":{"line":8,"column":0},"end":{"line":14,"column":1}}]},"2":{"type":"branch","line":11,"loc":{"start":{"line":11,"column":13},"end":{"line":11,"column":40}},"locations":[{"start":{"line":11,"column":13},"end":{"line":11,"column":40}}]},"3":{"type":"branch","line":21,"loc":{"start":{"line":21,"column":21},"end":{"line":22,"column":65}},"locations":[{"start":{"line":21,"column":21},"end":{"line":22,"column":65}}]},"4":{"type":"branch","line":22,"loc":{"start":{"line":22,"column":20},"end":{"line":22,"column":63}},"locations":[{"start":{"line":22,"column":20},"end":{"line":22,"column":63}}]}},"b":{"0":[4],"1":[4],"2":[5],"3":[4],"4":[4]},"fnMap":{"0":{"name":"customRender","decl":{"start":{"line":8,"column":0},"end":{"line":14,"column":1}},"loc":{"start":{"line":8,"column":0},"end":{"line":14,"column":1}},"line":8},"1":{"name":"wrapper","decl":{"start":{"line":11,"column":13},"end":{"line":11,"column":40}},"loc":{"start":{"line":11,"column":13},"end":{"line":11,"column":40}},"line":11},"2":{"name":"delay","decl":{"start":{"line":21,"column":21},"end":{"line":22,"column":65}},"loc":{"start":{"line":21,"column":21},"end":{"line":22,"column":65}},"line":21}},"f":{"0":4,"1":5,"2":4}}
}
